<?xml version="1.0" encoding="UTF-8"?>
<!-- Generated by org.testng.reporters.JUnitReportReporter -->
<testsuite skipped="0" hostname="DESKTOP-4PNSGE4" name="com.hybframe.testCases.TC_AddCustomerTest_003" tests="1" failures="0" timestamp="19 Mar 2019 06:58:21 GMT" time="14.342" errors="0">
  <testcase name="addNewCustomer" time="14.342" classname="com.hybframe.testCases.TC_AddCustomerTest_003"/>
</testsuite> <!-- com.hybframe.testCases.TC_AddCustomerTest_003 -->
