<?xml version="1.0" encoding="UTF-8"?>
<!-- Generated by org.testng.reporters.JUnitReportReporter -->
<testsuite skipped="0" hostname="DESKTOP-4PNSGE4" name="com.hybframe.testCases.TC_LoginTest" tests="1" failures="0" timestamp="05 Apr 2019 11:34:39 GMT" time="1.594" errors="0">
  <testcase name="loginTest" time="1.594" classname="com.hybframe.testCases.TC_LoginTest"/>
</testsuite> <!-- com.hybframe.testCases.TC_LoginTest -->
