<?xml version="1.0" encoding="UTF-8"?>
<!-- Generated by org.testng.reporters.JUnitReportReporter -->
<testsuite skipped="0" hostname="DESKTOP-4PNSGE4" name="com.hybframe.testCases.TC_AddCustomerTest_003" tests="1" failures="0" timestamp="10 May 2019 04:36:29 GMT" time="13.672" errors="0">
  <testcase name="addNewCustomer" time="13.672" classname="com.hybframe.testCases.TC_AddCustomerTest_003"/>
</testsuite> <!-- com.hybframe.testCases.TC_AddCustomerTest_003 -->
