<?xml version="1.0" encoding="UTF-8"?>
<!-- Generated by org.testng.reporters.JUnitReportReporter -->
<testsuite skipped="0" hostname="DESKTOP-4PNSGE4" name="com.hybframe.testCases.TC_LoginTest" tests="1" failures="0" timestamp="18 Feb 2020 07:47:42 GMT" time="24.198" errors="0">
  <testcase name="loginTest" time="24.198" classname="com.hybframe.testCases.TC_LoginTest"/>
</testsuite> <!-- com.hybframe.testCases.TC_LoginTest -->
