<?xml version="1.0" encoding="UTF-8"?>
<!-- Generated by org.testng.reporters.JUnitReportReporter -->
<testsuite skipped="0" hostname="DESKTOP-4PNSGE4" name="com.hybframe.testCases.TC_AddCustomerTest_003" tests="1" failures="0" timestamp="08 May 2019 09:38:31 GMT" time="13.185" errors="0">
  <testcase name="addNewCustomer" time="13.185" classname="com.hybframe.testCases.TC_AddCustomerTest_003"/>
</testsuite> <!-- com.hybframe.testCases.TC_AddCustomerTest_003 -->
