<?xml version="1.0" encoding="UTF-8"?>
<!-- Generated by org.testng.reporters.JUnitReportReporter -->
<testsuite skipped="0" hostname="DESKTOP-4PNSGE4" name="com.hybframe.testCases.TC_AddCustomerTest_003" tests="1" failures="0" timestamp="18 Mar 2019 11:24:00 GMT" time="12.896" errors="0">
  <testcase name="addNewCustomer" time="12.896" classname="com.hybframe.testCases.TC_AddCustomerTest_003"/>
</testsuite> <!-- com.hybframe.testCases.TC_AddCustomerTest_003 -->
